\BOOKMARK [1][-]{section*.1}{Contents}{}% 1
\BOOKMARK [1][-]{section.1}{Module combat}{}% 2
\BOOKMARK [2][-]{subsection.1.1}{Functions}{section.1}% 3
\BOOKMARK [2][-]{subsection.1.2}{Variables}{section.1}% 4
\BOOKMARK [1][-]{section.2}{Module crewMember}{}% 5
\BOOKMARK [2][-]{subsection.2.1}{Variables}{section.2}% 6
\BOOKMARK [2][-]{subsection.2.2}{Class CrewMember}{section.2}% 7
\BOOKMARK [3][-]{subsubsection.2.2.1}{Methods}{subsection.2.2}% 8
\BOOKMARK [3][-]{subsubsection.2.2.2}{Properties}{subsection.2.2}% 9
\BOOKMARK [1][-]{section.3}{Module displayShip}{}% 10
\BOOKMARK [2][-]{subsection.3.1}{Functions}{section.3}% 11
\BOOKMARK [2][-]{subsection.3.2}{Variables}{section.3}% 12
\BOOKMARK [2][-]{subsection.3.3}{Class InfosBoth}{section.3}% 13
\BOOKMARK [3][-]{subsubsection.3.3.1}{Methods}{subsection.3.3}% 14
\BOOKMARK [3][-]{subsubsection.3.3.2}{Properties}{subsection.3.3}% 15
\BOOKMARK [3][-]{subsubsection.3.3.3}{Class Variables}{subsection.3.3}% 16
\BOOKMARK [1][-]{section.4}{Module door}{}% 17
\BOOKMARK [2][-]{subsection.4.1}{Variables}{section.4}% 18
\BOOKMARK [2][-]{subsection.4.2}{Class Door}{section.4}% 19
\BOOKMARK [3][-]{subsubsection.4.2.1}{Methods}{subsection.4.2}% 20
\BOOKMARK [3][-]{subsubsection.4.2.2}{Properties}{subsection.4.2}% 21
\BOOKMARK [1][-]{section.5}{Module drones}{}% 22
\BOOKMARK [2][-]{subsection.5.1}{Functions}{section.5}% 23
\BOOKMARK [2][-]{subsection.5.2}{Variables}{section.5}% 24
\BOOKMARK [2][-]{subsection.5.3}{Class Drone}{section.5}% 25
\BOOKMARK [3][-]{subsubsection.5.3.1}{Methods}{subsection.5.3}% 26
\BOOKMARK [3][-]{subsubsection.5.3.2}{Properties}{subsection.5.3}% 27
\BOOKMARK [2][-]{subsection.5.4}{Class CombatDrone}{section.5}% 28
\BOOKMARK [3][-]{subsubsection.5.4.1}{Methods}{subsection.5.4}% 29
\BOOKMARK [3][-]{subsubsection.5.4.2}{Properties}{subsection.5.4}% 30
\BOOKMARK [2][-]{subsection.5.5}{Class DefensiveDrone}{section.5}% 31
\BOOKMARK [3][-]{subsubsection.5.5.1}{Methods}{subsection.5.5}% 32
\BOOKMARK [3][-]{subsubsection.5.5.2}{Properties}{subsection.5.5}% 33
\BOOKMARK [1][-]{section.6}{Module globalVar}{}% 34
\BOOKMARK [2][-]{subsection.6.1}{Variables}{section.6}% 35
\BOOKMARK [1][-]{section.7}{Module room}{}% 36
\BOOKMARK [2][-]{subsection.7.1}{Variables}{section.7}% 37
\BOOKMARK [2][-]{subsection.7.2}{Class Room}{section.7}% 38
\BOOKMARK [3][-]{subsubsection.7.2.1}{Methods}{subsection.7.2}% 39
\BOOKMARK [3][-]{subsubsection.7.2.2}{Properties}{subsection.7.2}% 40
\BOOKMARK [1][-]{section.8}{Module ship}{}% 41
\BOOKMARK [2][-]{subsection.8.1}{Variables}{section.8}% 42
\BOOKMARK [2][-]{subsection.8.2}{Class Ship}{section.8}% 43
\BOOKMARK [3][-]{subsubsection.8.2.1}{Methods}{subsection.8.2}% 44
\BOOKMARK [3][-]{subsubsection.8.2.2}{Properties}{subsection.8.2}% 45
\BOOKMARK [3][-]{subsubsection.8.2.3}{Class Variables}{subsection.8.2}% 46
\BOOKMARK [1][-]{section.9}{Module ships\137layouts}{}% 47
\BOOKMARK [2][-]{subsection.9.1}{Functions}{section.9}% 48
\BOOKMARK [2][-]{subsection.9.2}{Variables}{section.9}% 49
\BOOKMARK [1][-]{section.10}{Module systems}{}% 50
\BOOKMARK [2][-]{subsection.10.1}{Variables}{section.10}% 51
\BOOKMARK [2][-]{subsection.10.2}{Class System}{section.10}% 52
\BOOKMARK [3][-]{subsubsection.10.2.1}{Methods}{subsection.10.2}% 53
\BOOKMARK [3][-]{subsubsection.10.2.2}{Properties}{subsection.10.2}% 54
\BOOKMARK [2][-]{subsection.10.3}{Class Shields}{section.10}% 55
\BOOKMARK [3][-]{subsubsection.10.3.1}{Methods}{subsection.10.3}% 56
\BOOKMARK [3][-]{subsubsection.10.3.2}{Properties}{subsection.10.3}% 57
\BOOKMARK [2][-]{subsection.10.4}{Class Engines}{section.10}% 58
\BOOKMARK [3][-]{subsubsection.10.4.1}{Methods}{subsection.10.4}% 59
\BOOKMARK [3][-]{subsubsection.10.4.2}{Properties}{subsection.10.4}% 60
\BOOKMARK [2][-]{subsection.10.5}{Class Piloting}{section.10}% 61
\BOOKMARK [3][-]{subsubsection.10.5.1}{Methods}{subsection.10.5}% 62
\BOOKMARK [3][-]{subsubsection.10.5.2}{Properties}{subsection.10.5}% 63
\BOOKMARK [2][-]{subsection.10.6}{Class WeaponControl}{section.10}% 64
\BOOKMARK [3][-]{subsubsection.10.6.1}{Methods}{subsection.10.6}% 65
\BOOKMARK [3][-]{subsubsection.10.6.2}{Properties}{subsection.10.6}% 66
\BOOKMARK [2][-]{subsection.10.7}{Class Oxygen}{section.10}% 67
\BOOKMARK [3][-]{subsubsection.10.7.1}{Methods}{subsection.10.7}% 68
\BOOKMARK [3][-]{subsubsection.10.7.2}{Properties}{subsection.10.7}% 69
\BOOKMARK [2][-]{subsection.10.8}{Class Medbay}{section.10}% 70
\BOOKMARK [3][-]{subsubsection.10.8.1}{Methods}{subsection.10.8}% 71
\BOOKMARK [3][-]{subsubsection.10.8.2}{Properties}{subsection.10.8}% 72
\BOOKMARK [2][-]{subsection.10.9}{Class Sensors}{section.10}% 73
\BOOKMARK [3][-]{subsubsection.10.9.1}{Methods}{subsection.10.9}% 74
\BOOKMARK [3][-]{subsubsection.10.9.2}{Properties}{subsection.10.9}% 75
\BOOKMARK [2][-]{subsection.10.10}{Class DoorSystem}{section.10}% 76
\BOOKMARK [3][-]{subsubsection.10.10.1}{Methods}{subsection.10.10}% 77
\BOOKMARK [3][-]{subsubsection.10.10.2}{Properties}{subsection.10.10}% 78
\BOOKMARK [2][-]{subsection.10.11}{Class DroneControl}{section.10}% 79
\BOOKMARK [3][-]{subsubsection.10.11.1}{Methods}{subsection.10.11}% 80
\BOOKMARK [3][-]{subsubsection.10.11.2}{Properties}{subsection.10.11}% 81
\BOOKMARK [2][-]{subsection.10.12}{Class BackupBattery}{section.10}% 82
\BOOKMARK [3][-]{subsubsection.10.12.1}{Methods}{subsection.10.12}% 83
\BOOKMARK [3][-]{subsubsection.10.12.2}{Properties}{subsection.10.12}% 84
\BOOKMARK [2][-]{subsection.10.13}{Class CrewTeleporter}{section.10}% 85
\BOOKMARK [3][-]{subsubsection.10.13.1}{Methods}{subsection.10.13}% 86
\BOOKMARK [3][-]{subsubsection.10.13.2}{Properties}{subsection.10.13}% 87
\BOOKMARK [2][-]{subsection.10.14}{Class Cloaking}{section.10}% 88
\BOOKMARK [3][-]{subsubsection.10.14.1}{Methods}{subsection.10.14}% 89
\BOOKMARK [3][-]{subsubsection.10.14.2}{Properties}{subsection.10.14}% 90
\BOOKMARK [2][-]{subsection.10.15}{Class CloneBay}{section.10}% 91
\BOOKMARK [3][-]{subsubsection.10.15.1}{Methods}{subsection.10.15}% 92
\BOOKMARK [3][-]{subsubsection.10.15.2}{Properties}{subsection.10.15}% 93
\BOOKMARK [2][-]{subsection.10.16}{Class MindControl}{section.10}% 94
\BOOKMARK [3][-]{subsubsection.10.16.1}{Methods}{subsection.10.16}% 95
\BOOKMARK [3][-]{subsubsection.10.16.2}{Properties}{subsection.10.16}% 96
\BOOKMARK [2][-]{subsection.10.17}{Class Hacking}{section.10}% 97
\BOOKMARK [3][-]{subsubsection.10.17.1}{Methods}{subsection.10.17}% 98
\BOOKMARK [3][-]{subsubsection.10.17.2}{Properties}{subsection.10.17}% 99
\BOOKMARK [1][-]{section.11}{Module test\137combats}{}% 100
\BOOKMARK [2][-]{subsection.11.1}{Functions}{section.11}% 101
\BOOKMARK [1][-]{section.12}{Module tournament\137test}{}% 102
\BOOKMARK [2][-]{subsection.12.1}{Functions}{section.12}% 103
\BOOKMARK [2][-]{subsection.12.2}{Variables}{section.12}% 104
\BOOKMARK [1][-]{section.13}{Module weapon\137module\137WIP}{}% 105
\BOOKMARK [2][-]{subsection.13.1}{Functions}{section.13}% 106
\BOOKMARK [2][-]{subsection.13.2}{Variables}{section.13}% 107
\BOOKMARK [2][-]{subsection.13.3}{Class Weapon}{section.13}% 108
\BOOKMARK [3][-]{subsubsection.13.3.1}{Methods}{subsection.13.3}% 109
\BOOKMARK [3][-]{subsubsection.13.3.2}{Properties}{subsection.13.3}% 110
\BOOKMARK [2][-]{subsection.13.4}{Class Missile}{section.13}% 111
\BOOKMARK [3][-]{subsubsection.13.4.1}{Methods}{subsection.13.4}% 112
\BOOKMARK [3][-]{subsubsection.13.4.2}{Properties}{subsection.13.4}% 113
\BOOKMARK [2][-]{subsection.13.5}{Class Beam}{section.13}% 114
\BOOKMARK [3][-]{subsubsection.13.5.1}{Methods}{subsection.13.5}% 115
\BOOKMARK [3][-]{subsubsection.13.5.2}{Properties}{subsection.13.5}% 116
\BOOKMARK [2][-]{subsection.13.6}{Class Laser}{section.13}% 117
\BOOKMARK [3][-]{subsubsection.13.6.1}{Methods}{subsection.13.6}% 118
\BOOKMARK [3][-]{subsubsection.13.6.2}{Properties}{subsection.13.6}% 119
\BOOKMARK [2][-]{subsection.13.7}{Class Ion}{section.13}% 120
\BOOKMARK [3][-]{subsubsection.13.7.1}{Methods}{subsection.13.7}% 121
\BOOKMARK [3][-]{subsubsection.13.7.2}{Properties}{subsection.13.7}% 122
\BOOKMARK [1][-]{section*.2}{Index}{}% 123
